1546468702933:getbooks
1546469022737:getauthors
1546469035333:getbooks
1546469037949:getauthors
1546469075294:getbooks
1546639356292:getgenres
1546640175736:getauthors
1546640178717:getbooks
1546640689668:createbook lol
1546641279331:createauthor John Derr
1546641288159:creategenre newbla
1546641292167:getgenres
1546641295174:getauthors
1546641415711:createbook bla 1 2 3 4
1546641704252:createbook lol 1,3,4
1546642966894:getbooks
1546644013511:createbooks lol 1
1546644019210:createbook lol 1
1546644085922:getbooks
1546644458472:createbook lol 1
1546644461473:getbooks
1546644514238:createbook lol 1
1546644529378:getbooks
1546644610975:createbook lol 1
1546644613334:getbooks
1546644650522:createbook lol 1
1546644653754:getbooks
1546645697980:get authors
1546645701297:getauthors
1546645853135:getgenres
1546645856273:getbooks
1546646291003:creategenre bla
1546646297903:createbook lol 3
1546646400259:createbook lol 1
1546646734271:getbooks
1546646838851:createauthor Bill Clinton 1
1546646842584:getauthors
